Using pre-set license
Built from '2020.3/staging' branch; Version is '2020.3.47f1 (5ef4f5b5e2d4) revision 6223093'; Using compiler version '192528614'; Build Type 'Release'
OS: 'Windows 10  (10.0.19045) 64bit ProfessionalN' Language: 'en' Physical Memory: 5941 MB
BatchMode: 1, IsHumanControllingUs: 0, StartBugReporterOnCrash: 0, Is64bit: 1, IsPro: 0

COMMAND LINE ARGUMENTS:
C:\Program Files\Unity\Hub\Editor\2020.3.47f1\Editor\Unity.exe
-adb2
-batchMode
-noUpm
-name
AssetImportWorker0
-projectPath
C:/Users/REHAN/Unity Games/Oggy and cockroaches
-logFile
Logs/AssetImportWorker0.log
-srvPort
50040
Successfully changed project path to: C:/Users/REHAN/Unity Games/Oggy and cockroaches
C:/Users/REHAN/Unity Games/Oggy and cockroaches
Using Asset Import Pipeline V2.
Player connection [7196] Host "[IP] 192.168.43.177 [Port] 1073959264 [Flags] 2 [Guid] 274395719 [EditorId] 274395719 [Version] 1048832 [Id] WindowsEditor(7,DESKTOP-02C0Q77) [Debug] 1 [PackageName] WindowsEditor [ProjectName] Editor" joined multi-casting on [225.0.0.222:54997]...

Player connection [7196] Host "[IP] 192.168.43.177 [Port] 1073959264 [Flags] 2 [Guid] 274395719 [EditorId] 274395719 [Version] 1048832 [Id] WindowsEditor(7,DESKTOP-02C0Q77) [Debug] 1 [PackageName] WindowsEditor [ProjectName] Editor" joined alternative multi-casting on [225.0.0.222:34997]...

Refreshing native plugins compatible for Editor in 101.70 ms, found 3 plugins.
Preloading 0 native plugins for Editor in 0.00 ms.
Initialize engine version: 2020.3.47f1 (5ef4f5b5e2d4)
[Subsystems] Discovering subsystems at path C:/Program Files/Unity/Hub/Editor/2020.3.47f1/Editor/Data/Resources/UnitySubsystems
[Subsystems] Discovering subsystems at path C:/Users/REHAN/Unity Games/Oggy and cockroaches/Assets
GfxDevice: creating device client; threaded=0
Direct3D:
    Version:  Direct3D 11.0 [level 10.0]
    Renderer: Intel(R) HD Graphics (ID=0x46)
    Vendor:   
    VRAM:     128 MB
    Driver:   8.15.10.2900
Initialize mono
Mono path[0] = 'C:/Program Files/Unity/Hub/Editor/2020.3.47f1/Editor/Data/Managed'
Mono path[1] = 'C:/Program Files/Unity/Hub/Editor/2020.3.47f1/Editor/Data/MonoBleedingEdge/lib/mono/unityjit'
Mono config path = 'C:/Program Files/Unity/Hub/Editor/2020.3.47f1/Editor/Data/MonoBleedingEdge/etc'
Using monoOptions --debugger-agent=transport=dt_socket,embedding=1,server=y,suspend=n,address=127.0.0.1:56804
Begin MonoManager ReloadAssembly
Registering precompiled unity dll's ...
Register platform support module: C:/Program Files/Unity/Hub/Editor/2020.3.47f1/Editor/Data/PlaybackEngines/WindowsStandaloneSupport/UnityEditor.WindowsStandalone.Extensions.dll
Registered in 0.003608 seconds.
Native extension for WindowsStandalone target not found
Refreshing native plugins compatible for Editor in 101.94 ms, found 3 plugins.
Preloading 0 native plugins for Editor in 0.00 ms.
Mono: successfully reloaded assembly
- Completed reload, in  1.370 seconds
Domain Reload Profiling:
	ReloadAssembly (1371ms)
		BeginReloadAssembly (156ms)
			ExecutionOrderSort (0ms)
			DisableScriptedObjects (0ms)
			BackupInstance (0ms)
			ReleaseScriptingObjects (0ms)
			CreateAndSetChildDomain (2ms)
		EndReloadAssembly (1072ms)
			LoadAssemblies (151ms)
			RebuildTransferFunctionScriptingTraits (0ms)
			SetupTypeCache (324ms)
			ReleaseScriptCaches (0ms)
			RebuildScriptCaches (68ms)
			SetupLoadedEditorAssemblies (451ms)
				LogAssemblyErrors (0ms)
				InitializePlatformSupportModulesInManaged (9ms)
				SetLoadedEditorAssemblies (0ms)
				RefreshPlugins (102ms)
				BeforeProcessingInitializeOnLoad (26ms)
				ProcessInitializeOnLoadAttributes (234ms)
				ProcessInitializeOnLoadMethodAttributes (78ms)
				AfterProcessingInitializeOnLoad (0ms)
				EditorAssembliesLoaded (0ms)
			ExecutionOrderSort2 (0ms)
			AwakeInstancesAfterBackupRestoration (0ms)
Platform modules already initialized, skipping
Registering precompiled user dll's ...
Registered in 0.007228 seconds.
Begin MonoManager ReloadAssembly
Native extension for WindowsStandalone target not found
Refreshing native plugins compatible for Editor in 95.17 ms, found 3 plugins.
Preloading 0 native plugins for Editor in 0.00 ms.
Mono: successfully reloaded assembly
- Completed reload, in  2.910 seconds
Domain Reload Profiling:
	ReloadAssembly (2912ms)
		BeginReloadAssembly (354ms)
			ExecutionOrderSort (0ms)
			DisableScriptedObjects (10ms)
			BackupInstance (0ms)
			ReleaseScriptingObjects (0ms)
			CreateAndSetChildDomain (35ms)
		EndReloadAssembly (2401ms)
			LoadAssemblies (311ms)
			RebuildTransferFunctionScriptingTraits (0ms)
			SetupTypeCache (750ms)
			ReleaseScriptCaches (1ms)
			RebuildScriptCaches (207ms)
			SetupLoadedEditorAssemblies (866ms)
				LogAssemblyErrors (0ms)
				InitializePlatformSupportModulesInManaged (7ms)
				SetLoadedEditorAssemblies (0ms)
				RefreshPlugins (95ms)
				BeforeProcessingInitializeOnLoad (165ms)
				ProcessInitializeOnLoadAttributes (535ms)
				ProcessInitializeOnLoadMethodAttributes (50ms)
				AfterProcessingInitializeOnLoad (13ms)
				EditorAssembliesLoaded (0ms)
			ExecutionOrderSort2 (0ms)
			AwakeInstancesAfterBackupRestoration (4ms)
Platform modules already initialized, skipping
========================================================================
Worker process is ready to serve import requests
Launched and connected shader compiler UnityShaderCompiler.exe after 0.10 seconds
Refreshing native plugins compatible for Editor in 1.27 ms, found 3 plugins.
Preloading 0 native plugins for Editor in 0.00 ms.
Unloading 2179 Unused Serialized files (Serialized files now loaded: 0)
System memory in use before: 97.9 MB.
System memory in use after: 63.4 MB.

Unloading 33 unused Assets to reduce memory usage. Loaded Objects now: 2614.
Total: 8.512500 ms (FindLiveObjects: 0.351100 ms CreateObjectMapping: 0.149200 ms MarkObjects: 7.702200 ms  DeleteObjects: 0.306300 ms)

AssetImportParameters requested are different than current active one (requested -> active):
  custom:framework-win-MediaFoundation: 216162199b28c13a410421893ffa2e32 -> 
  custom:video-decoder-ogg-theora: a1e56fd34408186e4bbccfd4996cb3dc -> 
  custom:container-muxer-webm: aa71ff27fc2769a1b78a27578f13a17b -> 
  custom:container-demuxer-webm: 4f35f7cbe854078d1ac9338744f61a02 -> 
  custom:container-demuxer-ogg: 62fdf1f143b41e24485cea50d1cbac27 -> 
  custom:video-encoder-webm-vp8: eb34c28f22e8b96e1ab97ce403110664 -> 
  custom:video-decoder-webm-vp8: 9c59270c3fd7afecdb556c50c9e8de78 -> 
  custom:audio-decoder-ogg-vorbis: bf7c407c2cedff20999df2af8eb42d56 -> 
  custom:audio-encoder-webm-vorbis: bf7c407c2cedff20999df2af8eb42d56 -> 
========================================================================
Received Import Request.
  path: Assets/scripts/StoryThreeScript/BackgroundProps2.prefab
  artifactKey: Guid(398f40dd9b173ab4fb930dbb8dc5323c) Importer(815301076,1909f56bfc062723c751e8b465ee728b)
Start importing Assets/scripts/StoryThreeScript/BackgroundProps2.prefab using Guid(398f40dd9b173ab4fb930dbb8dc5323c) Importer(815301076,1909f56bfc062723c751e8b465ee728b)  -> (artifact id: '38b65979fbba862cbf03b46dfd887833') in 0.286390 seconds 
========================================================================
Received Import Request.
  Time since last request: 0.000726 seconds.
  path: Assets/scripts/StoryThreeScript/Background.prefab
  artifactKey: Guid(0bdb316aaaa54fe4384c2d2c8c91e79f) Importer(815301076,1909f56bfc062723c751e8b465ee728b)
Start importing Assets/scripts/StoryThreeScript/Background.prefab using Guid(0bdb316aaaa54fe4384c2d2c8c91e79f) Importer(815301076,1909f56bfc062723c751e8b465ee728b)  -> (artifact id: 'b130ea936187f1047e6ce8777347fc70') in 0.099540 seconds 
========================================================================
Received Import Request.
  Time since last request: 0.000578 seconds.
  path: Assets/scripts/StoryThreeScript/BackgroundProps.prefab
  artifactKey: Guid(edfc6ba99964f5e499dce6440450b396) Importer(815301076,1909f56bfc062723c751e8b465ee728b)
Start importing Assets/scripts/StoryThreeScript/BackgroundProps.prefab using Guid(edfc6ba99964f5e499dce6440450b396) Importer(815301076,1909f56bfc062723c751e8b465ee728b)  -> (artifact id: '866462cbb36cc692bec42c349f38a7c3') in 0.076116 seconds 
========================================================================
Received Import Request.
  Time since last request: 0.000590 seconds.
  path: Assets/scripts/StoryThreeScript/BackgroundProps3.prefab
  artifactKey: Guid(f2154f25fcb41984aaf39096268e7bda) Importer(815301076,1909f56bfc062723c751e8b465ee728b)
Start importing Assets/scripts/StoryThreeScript/BackgroundProps3.prefab using Guid(f2154f25fcb41984aaf39096268e7bda) Importer(815301076,1909f56bfc062723c751e8b465ee728b)  -> (artifact id: '5b9f642e59bbec5ca1e202292cea7b0f') in 0.074380 seconds 
========================================================================
Received Import Request.
  Time since last request: 141.152473 seconds.
  path: Assets/scripts/CameraMovement.cs
  artifactKey: Guid(cbf968c5a6311a6498758e08bc5bd00b) Importer(815301076,1909f56bfc062723c751e8b465ee728b)
Start importing Assets/scripts/CameraMovement.cs using Guid(cbf968c5a6311a6498758e08bc5bd00b) Importer(815301076,1909f56bfc062723c751e8b465ee728b)  -> (artifact id: 'd8da4ca8e843837cb178835ba3b7ed76') in 0.061988 seconds 
